<?xml version="1.0" encoding="UTF-8"?>
<!-- Generated by org.testng.reporters.JUnitReportReporter -->
<testsuite hostname="L-SJN-21005525" name="com.maven.example.SolutionTest" tests="1" failures="0" timestamp="13 Jun 2018 04:06:22 GMT" time="0.030" errors="0">
  <testcase name="testMinByKey" time="0.030" classname="com.maven.example.SolutionTest"/>
</testsuite> <!-- com.maven.example.SolutionTest -->
